<?xml version="1.0" encoding="UTF-8"?>
<!-- Generated by org.testng.reporters.JUnitReportReporter -->
<testsuite hostname="DESKTOP-N85SM45" failures="0" tests="1" name="com.AutomationTest.BaseTests" time="18.291" errors="0" timestamp="2021-05-17T13:04:56 IST" skipped="0">
  <testcase classname="com.AutomationTest.BaseTests" name="FacebookLoginTest" time="18.291"/>
</testsuite> <!-- com.AutomationTest.BaseTests -->
